2025-11-20 00:42:37 - CellarLogger - INFO - Running ...
2025-11-20 00:42:37 - CellarLogger - INFO - Running ...
2025-11-20 00:42:37 - CellarLogger - INFO - Running ...
2025-11-20 00:42:37 - CellarLogger - CRITICAL - type object 'Qt' has no attribute 'WA_StyledBackground'
2025-11-20 00:42:37 - CellarLogger - INFO - Running ...
2025-11-20 00:42:59 - CellarLogger - INFO - Running ...
2025-11-20 00:42:59 - CellarLogger - INFO - Running ...
2025-11-20 00:42:59 - CellarLogger - INFO - Running ...
2025-11-20 00:43:09 - CellarLogger - INFO - Destroying ...
2025-11-20 00:43:09 - CellarLogger - INFO - Running ...
2025-11-20 00:43:09 - CellarLogger - INFO - Running ...
2025-11-20 00:43:11 - CellarLogger - INFO - Destroying ...
2025-11-20 00:43:11 - CellarLogger - INFO - Running ...
2025-11-20 00:43:11 - CellarLogger - INFO - Running ...
2025-11-20 00:43:11 - CellarLogger - INFO - Running ...
2025-11-20 00:43:11 - CellarLogger - INFO - uid: 5797, state: 2232
2025-11-20 00:43:11 - CellarLogger - DEBUG - Running ...
2025-11-20 00:43:11 - CellarLogger - DEBUG - Running ...
2025-11-20 00:43:11 - CellarLogger - DEBUG - Running ...
2025-11-20 00:43:11 - CellarLogger - INFO - ----Connect & Run----5797
2025-11-20 00:43:11 - CellarLogger - ERROR - reqId: -1, errorCode: 502, errorText: Couldn't connect to TWS. Confirm that "Enable ActiveX and Socket EClients" 
is enabled and connection port is the same as "Socket Port" on the 
TWS "Edit->Global Configuration...->API->Settings" menu. Live Trading ports: 
TWS: 7496; IB Gateway: 4001. Simulated Trading ports for new installations 
of version 954.1 or newer:  TWS: 7497; IB Gateway: 4002
2025-11-20 00:43:11 - CellarLogger - DEBUG - Running ...
2025-11-20 00:43:11 - CellarLogger - DEBUG - Running ...
2025-11-20 00:43:11 - CellarLogger - DEBUG - Running ...
2025-11-20 00:43:11 - CellarLogger - DEBUG - Running ...
2025-11-20 00:43:11 - CellarLogger - DEBUG - Running ...
2025-11-20 00:43:11 - CellarLogger - DEBUG - Running ...
2025-11-20 00:43:45 - CellarLogger - INFO - Running ...
2025-11-20 00:43:45 - CellarLogger - INFO - Running ...
2025-11-20 00:43:45 - CellarLogger - INFO - Running ...
2025-11-20 00:43:49 - CellarLogger - INFO - Destroying ...
2025-11-20 00:43:49 - CellarLogger - INFO - Running ...
2025-11-20 00:43:49 - CellarLogger - INFO - Running ...
2025-11-20 00:43:49 - CellarLogger - INFO - Running ...
2025-11-20 00:43:49 - CellarLogger - INFO - uid: 5634, state: 3475
2025-11-20 00:43:49 - CellarLogger - DEBUG - Running ...
2025-11-20 00:43:49 - CellarLogger - DEBUG - Running ...
2025-11-20 00:43:49 - CellarLogger - DEBUG - Running ...
2025-11-20 00:43:49 - CellarLogger - INFO - ----Connect & Run----5634
2025-11-20 00:43:49 - CellarLogger - ERROR - reqId: -1, errorCode: 502, errorText: Couldn't connect to TWS. Confirm that "Enable ActiveX and Socket EClients" 
is enabled and connection port is the same as "Socket Port" on the 
TWS "Edit->Global Configuration...->API->Settings" menu. Live Trading ports: 
TWS: 7496; IB Gateway: 4001. Simulated Trading ports for new installations 
of version 954.1 or newer:  TWS: 7497; IB Gateway: 4002
2025-11-20 00:43:49 - CellarLogger - DEBUG - Running ...
2025-11-20 00:43:49 - CellarLogger - DEBUG - Running ...
2025-11-20 00:43:49 - CellarLogger - DEBUG - Running ...
2025-11-20 00:43:49 - CellarLogger - DEBUG - Running ...
2025-11-20 00:43:49 - CellarLogger - DEBUG - Running ...
2025-11-20 00:43:49 - CellarLogger - DEBUG - Running ...
2025-11-20 00:43:52 - CellarLogger - INFO - Destroying ...
2025-11-20 00:43:52 - CellarLogger - INFO - Running ...
2025-11-20 00:43:52 - CellarLogger - INFO - Running ...
2025-11-20 00:43:52 - CellarLogger - INFO - Running ...
2025-11-20 00:43:52 - CellarLogger - INFO - uid: 7221, state: 3475
2025-11-20 00:43:52 - CellarLogger - DEBUG - Running ...
2025-11-20 00:43:52 - CellarLogger - DEBUG - Running ...
2025-11-20 00:43:52 - CellarLogger - DEBUG - Running ...
2025-11-20 00:43:52 - CellarLogger - INFO - ----Connect & Run----7221
2025-11-20 00:43:52 - CellarLogger - ERROR - reqId: -1, errorCode: 502, errorText: Couldn't connect to TWS. Confirm that "Enable ActiveX and Socket EClients" 
is enabled and connection port is the same as "Socket Port" on the 
TWS "Edit->Global Configuration...->API->Settings" menu. Live Trading ports: 
TWS: 7496; IB Gateway: 4001. Simulated Trading ports for new installations 
of version 954.1 or newer:  TWS: 7497; IB Gateway: 4002
2025-11-20 00:43:52 - CellarLogger - DEBUG - Running ...
2025-11-20 00:43:52 - CellarLogger - DEBUG - Running ...
2025-11-20 00:43:52 - CellarLogger - DEBUG - Running ...
2025-11-20 00:43:52 - CellarLogger - DEBUG - Running ...
2025-11-20 00:43:52 - CellarLogger - DEBUG - Running ...
2025-11-20 00:43:52 - CellarLogger - DEBUG - Running ...
2025-11-20 00:43:52 - CellarLogger - INFO - Running ...
2025-11-20 00:43:52 - CellarLogger - INFO - Running ...
2025-11-20 00:43:52 - CellarLogger - INFO - Running ...
2025-11-20 00:43:53 - CellarLogger - INFO - Destroying ...
2025-11-20 00:43:53 - CellarLogger - INFO - Running ...
2025-11-20 00:43:53 - CellarLogger - INFO - Running ...
2025-11-20 00:43:53 - CellarLogger - INFO - Running ...
2025-11-20 00:43:53 - CellarLogger - INFO - Running ...
2025-11-20 00:43:53 - CellarLogger - INFO - uid: 2725, state: 3475
2025-11-20 00:43:53 - CellarLogger - DEBUG - Running ...
2025-11-20 00:43:53 - CellarLogger - DEBUG - Running ...
2025-11-20 00:43:53 - CellarLogger - DEBUG - Running ...
2025-11-20 00:43:53 - CellarLogger - INFO - ----Connect & Run----2725
2025-11-20 00:43:53 - CellarLogger - ERROR - reqId: -1, errorCode: 502, errorText: Couldn't connect to TWS. Confirm that "Enable ActiveX and Socket EClients" 
is enabled and connection port is the same as "Socket Port" on the 
TWS "Edit->Global Configuration...->API->Settings" menu. Live Trading ports: 
TWS: 7496; IB Gateway: 4001. Simulated Trading ports for new installations 
of version 954.1 or newer:  TWS: 7497; IB Gateway: 4002
2025-11-20 00:43:53 - CellarLogger - DEBUG - Running ...
2025-11-20 00:43:53 - CellarLogger - DEBUG - Running ...
2025-11-20 00:43:53 - CellarLogger - DEBUG - Running ...
2025-11-20 00:43:53 - CellarLogger - DEBUG - Running ...
2025-11-20 00:43:53 - CellarLogger - DEBUG - Running ...
2025-11-20 00:43:53 - CellarLogger - DEBUG - Running ...
2025-11-20 00:43:53 - CellarLogger - INFO - Running ...
2025-11-20 00:43:53 - CellarLogger - INFO - Running ...
2025-11-20 00:43:53 - CellarLogger - INFO - uid: 8034, state: 3475
2025-11-20 00:43:53 - CellarLogger - DEBUG - Running ...
2025-11-20 00:43:53 - CellarLogger - DEBUG - Running ...
2025-11-20 00:43:53 - CellarLogger - DEBUG - Running ...
2025-11-20 00:43:53 - CellarLogger - INFO - ----Connect & Run----8034
2025-11-20 00:43:53 - CellarLogger - ERROR - reqId: -1, errorCode: 502, errorText: Couldn't connect to TWS. Confirm that "Enable ActiveX and Socket EClients" 
is enabled and connection port is the same as "Socket Port" on the 
TWS "Edit->Global Configuration...->API->Settings" menu. Live Trading ports: 
TWS: 7496; IB Gateway: 4001. Simulated Trading ports for new installations 
of version 954.1 or newer:  TWS: 7497; IB Gateway: 4002
2025-11-20 00:43:53 - CellarLogger - DEBUG - Running ...
2025-11-20 00:43:53 - CellarLogger - DEBUG - Running ...
2025-11-20 00:43:53 - CellarLogger - DEBUG - Running ...
2025-11-20 00:43:53 - CellarLogger - DEBUG - Running ...
2025-11-20 00:43:53 - CellarLogger - DEBUG - Running ...
2025-11-20 00:43:53 - CellarLogger - DEBUG - Running ...
2025-11-20 00:43:53 - CellarLogger - INFO - Running ...
2025-11-20 00:43:53 - CellarLogger - INFO - Running ...
2025-11-20 00:43:53 - CellarLogger - INFO - Running ...
2025-11-20 00:43:55 - CellarLogger - INFO - Destroying ...
2025-11-20 00:43:55 - CellarLogger - INFO - Running ...
2025-11-20 00:43:55 - CellarLogger - INFO - Running ...
2025-11-20 00:43:55 - CellarLogger - INFO - Running ...
2025-11-20 00:43:55 - CellarLogger - INFO - Running ...
2025-11-20 00:43:55 - CellarLogger - INFO - uid: 2361, state: 3475
2025-11-20 00:43:55 - CellarLogger - DEBUG - Running ...
2025-11-20 00:43:55 - CellarLogger - DEBUG - Running ...
2025-11-20 00:43:55 - CellarLogger - DEBUG - Running ...
2025-11-20 00:43:55 - CellarLogger - INFO - ----Connect & Run----2361
2025-11-20 00:43:55 - CellarLogger - ERROR - reqId: -1, errorCode: 502, errorText: Couldn't connect to TWS. Confirm that "Enable ActiveX and Socket EClients" 
is enabled and connection port is the same as "Socket Port" on the 
TWS "Edit->Global Configuration...->API->Settings" menu. Live Trading ports: 
TWS: 7496; IB Gateway: 4001. Simulated Trading ports for new installations 
of version 954.1 or newer:  TWS: 7497; IB Gateway: 4002
2025-11-20 00:43:55 - CellarLogger - DEBUG - Running ...
2025-11-20 00:43:55 - CellarLogger - DEBUG - Running ...
2025-11-20 00:43:55 - CellarLogger - DEBUG - Running ...
2025-11-20 00:43:55 - CellarLogger - DEBUG - Running ...
2025-11-20 00:43:55 - CellarLogger - DEBUG - Running ...
2025-11-20 00:43:55 - CellarLogger - DEBUG - Running ...
2025-11-20 00:43:55 - CellarLogger - INFO - Running ...
2025-11-20 00:43:55 - CellarLogger - INFO - Running ...
2025-11-20 00:43:55 - CellarLogger - INFO - uid: 7051, state: 3475
2025-11-20 00:43:55 - CellarLogger - DEBUG - Running ...
2025-11-20 00:43:55 - CellarLogger - DEBUG - Running ...
2025-11-20 00:43:55 - CellarLogger - DEBUG - Running ...
2025-11-20 00:43:55 - CellarLogger - INFO - ----Connect & Run----7051
2025-11-20 00:43:55 - CellarLogger - ERROR - reqId: -1, errorCode: 502, errorText: Couldn't connect to TWS. Confirm that "Enable ActiveX and Socket EClients" 
is enabled and connection port is the same as "Socket Port" on the 
TWS "Edit->Global Configuration...->API->Settings" menu. Live Trading ports: 
TWS: 7496; IB Gateway: 4001. Simulated Trading ports for new installations 
of version 954.1 or newer:  TWS: 7497; IB Gateway: 4002
2025-11-20 00:43:55 - CellarLogger - DEBUG - Running ...
2025-11-20 00:43:55 - CellarLogger - DEBUG - Running ...
2025-11-20 00:43:55 - CellarLogger - DEBUG - Running ...
2025-11-20 00:43:55 - CellarLogger - DEBUG - Running ...
2025-11-20 00:43:55 - CellarLogger - DEBUG - Running ...
2025-11-20 00:43:55 - CellarLogger - DEBUG - Running ...
2025-11-20 00:43:55 - CellarLogger - INFO - Running ...
2025-11-20 00:43:55 - CellarLogger - INFO - uid: 6315, state: 3475
2025-11-20 00:43:55 - CellarLogger - DEBUG - Running ...
2025-11-20 00:43:55 - CellarLogger - DEBUG - Running ...
2025-11-20 00:43:55 - CellarLogger - DEBUG - Running ...
2025-11-20 00:43:55 - CellarLogger - INFO - ----Connect & Run----6315
2025-11-20 00:43:55 - CellarLogger - ERROR - reqId: -1, errorCode: 502, errorText: Couldn't connect to TWS. Confirm that "Enable ActiveX and Socket EClients" 
is enabled and connection port is the same as "Socket Port" on the 
TWS "Edit->Global Configuration...->API->Settings" menu. Live Trading ports: 
TWS: 7496; IB Gateway: 4001. Simulated Trading ports for new installations 
of version 954.1 or newer:  TWS: 7497; IB Gateway: 4002
2025-11-20 00:43:55 - CellarLogger - DEBUG - Running ...
2025-11-20 00:43:55 - CellarLogger - DEBUG - Running ...
2025-11-20 00:43:55 - CellarLogger - DEBUG - Running ...
2025-11-20 00:43:55 - CellarLogger - DEBUG - Running ...
2025-11-20 00:43:55 - CellarLogger - DEBUG - Running ...
2025-11-20 00:43:55 - CellarLogger - DEBUG - Running ...
2025-11-20 00:43:55 - CellarLogger - INFO - takes 2.7179718017578125e-05 sec.
2025-11-20 00:44:31 - CellarLogger - INFO - Running ...
2025-11-20 00:44:31 - CellarLogger - INFO - Running ...
2025-11-20 00:44:31 - CellarLogger - INFO - Running ...
2025-11-20 00:59:32 - CellarLogger - INFO - Running ...
2025-11-20 00:59:32 - CellarLogger - INFO - Running ...
2025-11-20 00:59:32 - CellarLogger - INFO - Running ...
2025-11-20 00:59:39 - CellarLogger - INFO - Destroying ...
2025-11-20 00:59:39 - CellarLogger - INFO - Running ...
2025-11-20 00:59:39 - CellarLogger - INFO - Running ...
2025-11-20 00:59:39 - CellarLogger - INFO - Running ...
2025-11-20 00:59:39 - CellarLogger - INFO - uid: 4689, state: 3693
2025-11-20 00:59:39 - CellarLogger - DEBUG - Running ...
2025-11-20 00:59:39 - CellarLogger - DEBUG - Running ...
2025-11-20 00:59:39 - CellarLogger - DEBUG - Running ...
2025-11-20 00:59:39 - CellarLogger - INFO - ----Connect & Run----4689
2025-11-20 00:59:39 - CellarLogger - ERROR - reqId: -1, errorCode: 502, errorText: Couldn't connect to TWS. Confirm that "Enable ActiveX and Socket EClients" 
is enabled and connection port is the same as "Socket Port" on the 
TWS "Edit->Global Configuration...->API->Settings" menu. Live Trading ports: 
TWS: 7496; IB Gateway: 4001. Simulated Trading ports for new installations 
of version 954.1 or newer:  TWS: 7497; IB Gateway: 4002
2025-11-20 00:59:39 - CellarLogger - DEBUG - Running ...
2025-11-20 00:59:39 - CellarLogger - DEBUG - Running ...
2025-11-20 00:59:39 - CellarLogger - DEBUG - Running ...
2025-11-20 00:59:39 - CellarLogger - DEBUG - Running ...
2025-11-20 00:59:39 - CellarLogger - DEBUG - Running ...
2025-11-20 00:59:39 - CellarLogger - DEBUG - Running ...
2025-11-20 01:01:14 - CellarLogger - INFO - Running ...
2025-11-20 01:01:14 - CellarLogger - INFO - Running ...
2025-11-20 01:01:14 - CellarLogger - INFO - Running ...
2025-11-20 01:01:14 - CellarLogger - CRITICAL - Something else went wrong
2025-11-20 01:01:14 - CellarLogger - INFO - Running ...4689
2025-11-20 01:01:16 - CellarLogger - INFO - Running ...
2025-11-20 01:01:16 - CellarLogger - INFO - Running ...
2025-11-20 01:01:16 - CellarLogger - INFO - Running ...
2025-11-20 01:01:23 - CellarLogger - INFO - Destroying ...
2025-11-20 01:01:23 - CellarLogger - INFO - Running ...
2025-11-20 01:01:23 - CellarLogger - INFO - Running ...
2025-11-20 01:01:23 - CellarLogger - INFO - Running ...
2025-11-20 01:01:23 - CellarLogger - INFO - uid: 6567, state: 1438
2025-11-20 01:01:23 - CellarLogger - DEBUG - Running ...
2025-11-20 01:01:23 - CellarLogger - DEBUG - Running ...
2025-11-20 01:01:23 - CellarLogger - DEBUG - Running ...
2025-11-20 01:01:23 - CellarLogger - INFO - ----Connect & Run----6567
2025-11-20 01:01:23 - CellarLogger - ERROR - reqId: -1, errorCode: 502, errorText: Couldn't connect to TWS. Confirm that "Enable ActiveX and Socket EClients" 
is enabled and connection port is the same as "Socket Port" on the 
TWS "Edit->Global Configuration...->API->Settings" menu. Live Trading ports: 
TWS: 7496; IB Gateway: 4001. Simulated Trading ports for new installations 
of version 954.1 or newer:  TWS: 7497; IB Gateway: 4002
2025-11-20 01:01:23 - CellarLogger - DEBUG - Running ...
2025-11-20 01:01:23 - CellarLogger - DEBUG - Running ...
2025-11-20 01:01:23 - CellarLogger - DEBUG - Running ...
2025-11-20 01:01:23 - CellarLogger - DEBUG - Running ...
2025-11-20 01:01:23 - CellarLogger - DEBUG - Running ...
2025-11-20 01:01:23 - CellarLogger - DEBUG - Running ...
2025-11-20 01:01:39 - CellarLogger - INFO - Running ...
2025-11-20 01:01:39 - CellarLogger - INFO - Threads count: 3
2025-11-20 01:01:39 - CellarLogger - INFO - Thread names:
2025-11-20 01:01:39 - CellarLogger - INFO - - MainThread
2025-11-20 01:01:39 - CellarLogger - INFO - - pymongo_server_monitor_thread
2025-11-20 01:01:39 - CellarLogger - INFO - - pymongo_kill_cursors_thread
2025-11-20 01:01:39 - CellarLogger - INFO - Destroying ...
2025-11-20 01:01:39 - CellarLogger - CRITICAL - Something else went wrong
2025-11-20 01:01:39 - CellarLogger - INFO - Running ...
2025-11-20 01:01:39 - CellarLogger - INFO - Running ...
2025-11-20 01:01:39 - CellarLogger - INFO - Running ...
2025-11-20 01:01:39 - CellarLogger - INFO - Running ...6567
2025-11-20 01:04:12 - CellarLogger - INFO - Running ...
2025-11-20 01:04:12 - CellarLogger - INFO - Running ...
2025-11-20 01:04:12 - CellarLogger - INFO - Running ...
2025-11-20 01:04:31 - CellarLogger - INFO - Destroying ...
2025-11-20 01:04:31 - CellarLogger - INFO - Running ...
2025-11-20 01:04:31 - CellarLogger - INFO - Running ...
2025-11-20 01:04:31 - CellarLogger - INFO - Running ...
2025-11-20 01:04:31 - CellarLogger - INFO - uid: 5004, state: 3259
2025-11-20 01:04:31 - CellarLogger - DEBUG - Running ...
2025-11-20 01:04:31 - CellarLogger - DEBUG - Running ...
2025-11-20 01:04:31 - CellarLogger - DEBUG - Running ...
2025-11-20 01:04:31 - CellarLogger - INFO - ----Connect & Run----5004
2025-11-20 01:04:31 - CellarLogger - ERROR - reqId: -1, errorCode: 502, errorText: Couldn't connect to TWS. Confirm that "Enable ActiveX and Socket EClients" 
is enabled and connection port is the same as "Socket Port" on the 
TWS "Edit->Global Configuration...->API->Settings" menu. Live Trading ports: 
TWS: 7496; IB Gateway: 4001. Simulated Trading ports for new installations 
of version 954.1 or newer:  TWS: 7497; IB Gateway: 4002
2025-11-20 01:04:31 - CellarLogger - DEBUG - Running ...
2025-11-20 01:04:31 - CellarLogger - DEBUG - Running ...
2025-11-20 01:04:31 - CellarLogger - DEBUG - Running ...
2025-11-20 01:04:31 - CellarLogger - DEBUG - Running ...
2025-11-20 01:04:31 - CellarLogger - DEBUG - Running ...
2025-11-20 01:04:31 - CellarLogger - DEBUG - Running ...
2025-11-20 01:05:06 - CellarLogger - INFO - Running ...
2025-11-20 01:05:06 - CellarLogger - INFO - Threads count: 3
2025-11-20 01:05:06 - CellarLogger - INFO - Thread names:
2025-11-20 01:05:06 - CellarLogger - INFO - - MainThread
2025-11-20 01:05:06 - CellarLogger - INFO - - pymongo_server_monitor_thread
2025-11-20 01:05:06 - CellarLogger - INFO - - pymongo_kill_cursors_thread
2025-11-20 01:05:06 - CellarLogger - INFO - Destroying ...
2025-11-20 01:05:06 - CellarLogger - CRITICAL - Something else went wrong
2025-11-20 01:05:07 - CellarLogger - INFO - Running ...
2025-11-20 01:05:07 - CellarLogger - INFO - Running ...
2025-11-20 01:05:07 - CellarLogger - INFO - Running ...
2025-11-20 01:05:07 - CellarLogger - INFO - Running ...5004
